<?xml version="1.0" encoding="UTF-8"?>
<!-- Generated by org.testng.reporters.JUnitReportReporter -->
<testsuite hostname="DESKTOP-NFHHG8T" failures="0" tests="2" name="userAndroid.login" time="63.143" errors="0" timestamp="2023-04-13T18:39:17 IST" skipped="0">
  <testcase classname="userAndroid.login" name="login1" time="21.445"/>
  <system-out/>
  <testcase classname="userAndroid.login" name="order" time="41.698"/>
  <system-out/>
</testsuite> <!-- userAndroid.login -->
