<?xml version="1.0" encoding="UTF-8"?>
<!-- Generated by org.testng.reporters.JUnitReportReporter -->
<testsuite hostname="DESKTOP-NFHHG8T" failures="0" tests="1" name="userAndroid.SampleTest" time="0.007" errors="0" timestamp="2023-04-12T16:43:31 IST" skipped="0">
  <testcase classname="userAndroid.SampleTest" name="sampleTest" time="0.007"/>
  <system-out/>
</testsuite> <!-- userAndroid.SampleTest -->
