<?xml version="1.0" encoding="UTF-8"?>
<!-- Generated by org.testng.reporters.JUnitReportReporter -->
<testsuite hostname="DESKTOP-NFHHG8T" failures="0" tests="1" name="BoxfoodRestaurant.login" time="13.058" errors="0" timestamp="2023-04-13T15:28:50 IST" skipped="0">
  <testcase classname="BoxfoodRestaurant.login" name="logins" time="13.058"/>
  <system-out/>
</testsuite> <!-- BoxfoodRestaurant.login -->
